<?xml version="1.0" encoding="UTF-8"?>
<!-- Generated by org.testng.reporters.JUnitReportReporter -->
<testsuite skipped="0" hostname="LAPTOP-4K0QCUMP" name="pages.LoginPage" tests="1" failures="0" timestamp="06 Nov 2022 08:02:42 GMT" time="16.910" errors="0">
  <testcase name="login" time="16.910" classname="pages.LoginPage"/>
</testsuite> <!-- pages.LoginPage -->
